--- Startup times for process: Primary/TUI ---

times in msec
 clock   self+sourced   self:  sourced script
 clock   elapsed:              other lines

000.004  000.004: --- NVIM STARTING ---
000.299  000.295: event init
000.444  000.145: early init
000.519  000.076: locale set
000.595  000.075: init first window
001.132  000.537: inits 1
001.150  000.018: window checked
001.156  000.006: parsing arguments
002.333  000.091  000.091: require('vim.shared')
002.535  000.105  000.105: require('vim.inspect')
002.666  000.096  000.096: require('vim._options')
002.670  000.331  000.130: require('vim._editor')
002.673  000.497  000.076: require('vim._init_packages')
002.683  001.030: init lua interpreter
004.169  001.485: --- NVIM STARTED ---

--- Startup times for process: Embedded ---

times in msec
 clock   self+sourced   self:  sourced script
 clock   elapsed:              other lines

000.004  000.004: --- NVIM STARTING ---
000.308  000.304: event init
000.447  000.139: early init
000.519  000.072: locale set
000.625  000.106: init first window
001.159  000.534: inits 1
001.184  000.025: window checked
001.192  000.007: parsing arguments
002.256  000.084  000.084: require('vim.shared')
002.426  000.086  000.086: require('vim.inspect')
002.532  000.080  000.080: require('vim._options')
002.535  000.273  000.107: require('vim._editor')
002.538  000.419  000.062: require('vim._init_packages')
002.540  000.930: init lua interpreter
002.621  000.080: expanding arguments
002.650  000.030: inits 2
003.139  000.488: init highlight
003.140  000.001: waiting for UI
003.310  000.170: done waiting for UI
003.316  000.006: clear screen
003.435  000.010  000.010: require('vim.keymap')
004.123  000.802  000.793: require('vim._defaults')
004.127  000.008: init default mappings & autocommands
004.618  000.086  000.086: sourcing /usr/share/nvim/runtime/ftplugin.vim
004.689  000.036  000.036: sourcing /usr/share/nvim/runtime/indent.vim
004.857  000.118  000.118: sourcing /usr/share/nvim/archlinux.lua
004.861  000.146  000.028: sourcing /etc/xdg/nvim/sysinit.vim
005.593  000.298  000.298: require('core.set')
007.596  000.026  000.026: require('vim.fs')
007.629  000.192  000.165: require('vim.lsp.log')
008.424  000.792  000.792: require('vim.lsp.protocol')
010.035  000.299  000.299: require('vim.lsp._snippet_grammar')
010.103  000.064  000.064: require('vim.highlight')
010.109  000.004  000.004: require('vim.F')
010.120  001.692  001.325: require('vim.lsp.util')
010.387  000.119  000.119: require('vim.lsp.sync')
010.390  000.269  000.150: require('vim.lsp._changetracking')
010.697  000.305  000.305: require('vim.lsp.rpc')
010.737  004.208  000.958: require('vim.lsp')
011.063  000.324  000.324: require('vim.lsp.buf')
011.139  005.543  001.010: require('core.remap')
011.351  000.181  000.181: require('lazy')
011.368  000.008  000.008: require('ffi')
011.441  000.056  000.056: require('vim.uri')
011.447  000.077  000.021: require('vim.loader')
011.592  000.136  000.136: require('lazy.stats')
011.703  000.098  000.098: require('lazy.core.util')
011.749  000.045  000.045: require('lazy.core.config')
011.830  000.034  000.034: require('lazy.core.handler')
011.907  000.077  000.077: require('lazy.core.plugin')
011.916  000.166  000.055: require('lazy.core.loader')
012.310  000.066  000.066: require('lazy.core.handler.keys')
012.380  000.066  000.066: require('lazy.core.handler.event')
012.468  000.087  000.087: require('lazy.core.handler.cmd')
012.559  000.089  000.089: require('lazy.core.handler.ft')
012.725  000.102  000.102: sourcing /usr/share/nvim/runtime/filetype.lua
013.671  000.034  000.034: require('nvim-treesitter.utils')
014.260  000.021  000.021: require('vim.treesitter.language')
014.305  000.042  000.042: require('vim.func')
014.351  000.043  000.043: require('vim.func._memoize')
014.379  000.182  000.076: require('vim.treesitter.query')
014.413  000.034  000.034: require('vim.treesitter._range')
014.424  000.259  000.044: require('vim.treesitter.languagetree')
014.429  000.503  000.243: require('vim.treesitter')
014.898  001.225  000.722: require('nvim-treesitter.parsers')
015.115  000.071  000.071: require('nvim-treesitter.compat')
015.336  000.153  000.153: require('nvim-treesitter.ts_utils')
015.344  000.227  000.074: require('nvim-treesitter.tsrange')
015.412  000.067  000.067: require('nvim-treesitter.caching')
015.422  000.426  000.060: require('nvim-treesitter.query')
015.429  000.491  000.066: require('nvim-treesitter.configs')
015.431  000.532  000.040: require('nvim-treesitter.info')
015.476  000.045  000.045: require('nvim-treesitter.shell_command_selectors')
015.489  001.927  000.092: require('nvim-treesitter.install')
015.507  000.016  000.016: require('nvim-treesitter.statusline')
015.528  000.021  000.021: require('nvim-treesitter.query_predicates')
015.530  002.301  000.337: require('nvim-treesitter')
015.790  002.623  000.322: sourcing /home/yoda/.local/share/nvim/lazy/nvim-treesitter/plugin/nvim-treesitter.lua
016.460  000.485  000.485: sourcing /home/yoda/.local/share/nvim/lazy/vim-wakatime/plugin/wakatime.vim
017.115  000.489  000.489: require('vim.filetype')
017.562  000.018  000.018: require('luasnip.util.types')
017.564  000.043  000.025: require('luasnip.util.ext_opts')
017.642  000.015  000.015: require('luasnip.util.lazy_table')
017.661  000.018  000.018: require('luasnip.extras.filetype_functions')
017.668  000.075  000.042: require('luasnip.default_config')
017.669  000.104  000.029: require('luasnip.session')
017.671  000.335  000.187: require('luasnip.config')
017.763  000.035  000.035: require('luasnip.util.util')
017.810  000.016  000.016: require('luasnip.nodes.key_indexer')
017.813  000.049  000.033: require('luasnip.nodes.util')
017.859  000.018  000.018: require('luasnip.session.snippet_collection.source')
017.878  000.019  000.019: require('luasnip.util.table')
017.895  000.017  000.017: require('luasnip.util.auto_table')
017.899  000.085  000.032: require('luasnip.session.snippet_collection')
017.967  000.021  000.021: require('luasnip.util.select')
017.984  000.016  000.016: require('luasnip.util.time')
018.149  000.229  000.192: require('luasnip.util._builtin_vars')
018.193  000.293  000.064: require('luasnip.util.environ')
018.214  000.021  000.021: require('luasnip.util.extend_decorator')
018.289  000.049  000.049: require('luasnip.util.path')
018.492  000.174  000.174: require('luasnip.util.log')
018.506  000.216  000.041: require('luasnip.loaders.util')
018.543  000.037  000.037: require('luasnip.loaders.data')
018.611  000.067  000.067: require('luasnip.loaders.fs_watchers')
018.615  000.400  000.032: require('luasnip.loaders')
018.629  000.956  000.072: require('luasnip')
018.642  002.043  000.264: sourcing /home/yoda/.local/share/nvim/lazy/LuaSnip/plugin/luasnip.lua
018.671  000.014  000.014: sourcing /home/yoda/.local/share/nvim/lazy/LuaSnip/plugin/luasnip.vim
018.789  000.026  000.026: sourcing /home/yoda/.local/share/nvim/lazy/transparent.nvim/plugin/transparent.vim
019.730  000.195  000.195: require('vim.lsp.handlers')
019.962  000.227  000.227: require('vim.diagnostic')
019.966  000.808  000.386: require('lsp-zero.setup')
019.967  000.834  000.026: sourcing /home/yoda/.local/share/nvim/lazy/lsp-zero.nvim/plugin/lsp-zero.lua
020.083  000.024  000.024: sourcing /home/yoda/.local/share/nvim/lazy/formatter.nvim/plugin/formatter.vim
020.510  000.255  000.255: require('cmp.utils.api')
020.639  000.078  000.078: require('cmp.types.cmp')
020.890  000.104  000.104: require('cmp.utils.misc')
020.915  000.275  000.171: require('cmp.types.lsp')
020.984  000.068  000.068: require('cmp.types.vim')
020.985  000.474  000.053: require('cmp.types')
021.053  000.067  000.067: require('cmp.utils.highlight')
021.152  000.053  000.053: require('cmp.utils.debug')
021.156  000.102  000.049: require('cmp.utils.autocmd')
021.357  001.138  000.240: sourcing /home/yoda/.local/share/nvim/lazy/nvim-cmp/plugin/cmp.lua
021.457  000.016  000.016: sourcing /home/yoda/.local/share/nvim/lazy/vim-kitty/ftdetect/kitty.vim
021.780  000.014  000.014: sourcing /home/yoda/.local/share/nvim/lazy/plenary.nvim/plugin/plenary.vim
021.897  000.099  000.099: sourcing /home/yoda/.local/share/nvim/lazy/telescope.nvim/plugin/telescope.lua
022.142  000.037  000.037: sourcing /home/yoda/.local/share/nvim/lazy/nvim-lspconfig/plugin/lspconfig.lua
022.211  000.019  000.019: sourcing /usr/share/nvim/runtime/plugin/editorconfig.lua
022.295  000.076  000.076: sourcing /usr/share/nvim/runtime/plugin/gzip.vim
022.325  000.021  000.021: sourcing /usr/share/nvim/runtime/plugin/man.lua
022.539  000.087  000.087: sourcing /usr/share/nvim/runtime/pack/dist/opt/matchit/plugin/matchit.vim
022.545  000.212  000.125: sourcing /usr/share/nvim/runtime/plugin/matchit.vim
022.615  000.061  000.061: sourcing /usr/share/nvim/runtime/plugin/matchparen.vim
022.750  000.125  000.125: sourcing /usr/share/nvim/runtime/plugin/netrwPlugin.vim
022.818  000.042  000.042: sourcing /usr/share/nvim/runtime/plugin/osc52.lua
022.899  000.003  000.003: sourcing /home/yoda/.local/share/nvim/rplugin.vim
022.902  000.073  000.070: sourcing /usr/share/nvim/runtime/plugin/rplugin.vim
022.951  000.026  000.026: sourcing /usr/share/nvim/runtime/plugin/shada.vim
022.977  000.007  000.007: sourcing /usr/share/nvim/runtime/plugin/spellfile.vim
023.026  000.040  000.040: sourcing /usr/share/nvim/runtime/plugin/tarPlugin.vim
023.071  000.033  000.033: sourcing /usr/share/nvim/runtime/plugin/tohtml.lua
023.087  000.007  000.007: sourcing /usr/share/nvim/runtime/plugin/tutor.vim
023.156  000.060  000.060: sourcing /usr/share/nvim/runtime/plugin/zipPlugin.vim
023.396  000.028  000.028: require('cmp.utils.char')
023.400  000.050  000.022: require('cmp.utils.str')
023.466  000.015  000.015: require('cmp.utils.buffer')
023.469  000.042  000.027: require('cmp.utils.keymap')
023.470  000.069  000.028: require('cmp.utils.feedkeys')
023.532  000.021  000.021: require('cmp.config.mapping')
023.547  000.015  000.015: require('cmp.utils.cache')
023.587  000.019  000.019: require('cmp.config.compare')
023.588  000.039  000.020: require('cmp.config.default')
023.597  000.104  000.030: require('cmp.config')
023.603  000.132  000.027: require('cmp.utils.async')
023.639  000.018  000.018: require('cmp.utils.pattern')
023.641  000.037  000.019: require('cmp.context')
023.739  000.037  000.037: require('cmp.utils.snippet')
023.756  000.016  000.016: require('cmp.matcher')
023.759  000.095  000.042: require('cmp.entry')
023.762  000.121  000.025: require('cmp.source')
023.793  000.013  000.013: require('cmp.utils.event')
023.850  000.023  000.023: require('cmp.utils.options')
023.852  000.044  000.021: require('cmp.utils.window')
023.854  000.060  000.017: require('cmp.view.docs_view')
023.888  000.034  000.034: require('cmp.view.custom_entries_view')
023.924  000.035  000.035: require('cmp.view.wildmenu_entries_view')
023.969  000.044  000.044: require('cmp.view.native_entries_view')
023.997  000.027  000.027: require('cmp.view.ghost_text_view')
024.001  000.239  000.025: require('cmp.view')
024.228  000.910  000.263: require('cmp.core')
024.288  000.018  000.018: require('cmp.config.sources')
024.306  000.017  000.017: require('cmp.config.window')
024.327  001.041  000.096: require('cmp')
024.556  000.228  000.228: require('cmp_nvim_lua')
024.569  001.313  000.044: sourcing /home/yoda/.local/share/nvim/lazy/cmp-nvim-lua/after/plugin/cmp_nvim_lua.lua
024.686  000.066  000.066: require('cmp_luasnip')
024.702  000.104  000.037: sourcing /home/yoda/.local/share/nvim/lazy/cmp_luasnip/after/plugin/cmp_luasnip.lua
024.772  000.034  000.034: require('cmp_path')
024.779  000.054  000.019: sourcing /home/yoda/.local/share/nvim/lazy/cmp-path/after/plugin/cmp_path.lua
024.889  000.016  000.016: require('cmp_buffer.timer')
024.892  000.046  000.029: require('cmp_buffer.buffer')
024.893  000.068  000.022: require('cmp_buffer.source')
024.894  000.083  000.015: require('cmp_buffer')
024.900  000.102  000.018: sourcing /home/yoda/.local/share/nvim/lazy/cmp-buffer/after/plugin/cmp_buffer.lua
024.984  000.020  000.020: require('cmp_nvim_lsp.source')
024.986  000.042  000.022: require('cmp_nvim_lsp')
024.992  000.061  000.018: sourcing /home/yoda/.local/share/nvim/lazy/cmp-nvim-lsp/after/plugin/cmp_nvim_lsp.lua
025.108  000.016  000.016: require('nvim-autopairs._log')
025.134  000.025  000.025: require('nvim-autopairs.utils')
025.204  000.028  000.028: require('nvim-autopairs.conds')
025.207  000.052  000.024: require('nvim-autopairs.rule')
025.208  000.074  000.022: require('nvim-autopairs.rules.basic')
025.213  000.169  000.054: require('nvim-autopairs')
025.588  000.037  000.037: require('nvim-autopairs.fastwrap')
025.782  000.752  000.545: sourcing /home/yoda/.config/nvim/after/plugin/autopairs.lua
025.820  000.020  000.020: sourcing /home/yoda/.config/nvim/after/plugin/colors.lua
025.845  000.013  000.013: sourcing /home/yoda/.config/nvim/after/plugin/colorscheme.lua
025.944  000.034  000.034: require('formatter.config')
025.951  000.080  000.045: require('formatter.util')
026.012  000.027  000.027: require('formatter.log')
026.013  000.061  000.034: require('formatter')
026.040  000.026  000.026: require('formatter.filetypes.lua')
026.253  000.035  000.035: require('formatter.defaults.alejandra')
026.275  000.020  000.020: require('formatter.defaults.astyle')
026.299  000.022  000.022: require('formatter.defaults.biome')
026.322  000.022  000.022: require('formatter.defaults.clangformat')
026.341  000.017  000.017: require('formatter.defaults.denofmt')
026.362  000.020  000.020: require('formatter.defaults.esformatter')
026.382  000.019  000.019: require('formatter.defaults.eslint_d')
026.403  000.020  000.020: require('formatter.defaults.fishindent')
026.424  000.019  000.019: require('formatter.defaults.htmlbeautifier')
026.448  000.023  000.023: require('formatter.defaults.jsbeautify')
026.481  000.031  000.031: require('formatter.defaults.ktlint')
026.503  000.021  000.021: require('formatter.defaults.latexindent')
026.523  000.019  000.019: require('formatter.defaults.mixformat')
026.543  000.019  000.019: require('formatter.defaults.nixfmt')
026.564  000.019  000.019: require('formatter.defaults.nixpkgs_fmt')
026.592  000.026  000.026: require('formatter.defaults.ocamlformat')
026.613  000.020  000.020: require('formatter.defaults.perltidy')
026.636  000.022  000.022: require('formatter.defaults.php_cs_fixer')
026.656  000.019  000.019: require('formatter.defaults.phpcbf')
026.674  000.017  000.017: require('formatter.defaults.pint')
026.699  000.023  000.023: require('formatter.defaults.prettier')
026.720  000.021  000.021: require('formatter.defaults.prettierd')
026.743  000.022  000.022: require('formatter.defaults.prettiereslint')
026.770  000.026  000.026: require('formatter.defaults.prettydiff')
026.794  000.022  000.022: require('formatter.defaults.sed')
026.814  000.019  000.019: require('formatter.defaults.semistandard')
026.834  000.019  000.019: require('formatter.defaults.standard')
026.855  000.020  000.020: require('formatter.defaults.tsfmt')
026.877  000.020  000.020: require('formatter.defaults.uncrustify')
026.897  000.019  000.019: require('formatter.defaults.xmlformat')
026.916  000.018  000.018: require('formatter.defaults.zigfmt')
026.917  000.855  000.197: require('formatter.defaults')
026.919  000.877  000.022: require('formatter.filetypes.any')
026.982  001.125  000.081: sourcing /home/yoda/.config/nvim/after/plugin/formatter.lua
027.288  000.093  000.093: require('plenary.bit')
027.328  000.038  000.038: require('plenary.functional')
027.357  000.239  000.108: require('plenary.path')
027.485  000.041  000.041: require('plenary.compat')
027.491  000.102  000.061: require('plenary.job')
027.493  000.135  000.033: require('harpoon.utils')
027.630  000.111  000.111: require('plenary.log')
027.662  000.169  000.057: require('harpoon.dev')
027.986  000.920  000.377: require('harpoon')
027.993  000.975  000.054: require('harpoon.mark')
028.407  000.153  000.153: require('plenary.strings')
028.412  000.316  000.164: require('plenary.window.border')
028.480  000.068  000.068: require('plenary.window')
028.535  000.053  000.053: require('plenary.popup.utils')
028.542  000.499  000.062: require('plenary.popup')
028.549  000.555  000.055: require('harpoon.ui')
028.621  001.622  000.093: sourcing /home/yoda/.config/nvim/after/plugin/harpoon.lua
028.959  000.252  000.252: require('lint')
028.960  000.322  000.069: sourcing /home/yoda/.config/nvim/after/plugin/linter.lua
029.294  000.107  000.107: require('lsp-zero.server')
029.391  000.067  000.067: require('lspconfig.util')
029.410  000.018  000.018: require('lspconfig.async')
029.412  000.116  000.031: require('lspconfig.configs')
029.492  000.021  000.021: require('lsp-zero.cmp')
029.827  000.050  000.050: require('lsp-zero.api')
029.830  000.739  000.444: require('lsp-zero')
029.905  000.056  000.056: require('mason-core.path')
030.031  000.040  000.040: require('mason-core.functional')
030.069  000.014  000.014: require('mason-core.functional.data')
030.082  000.046  000.031: require('mason-core.functional.function')
030.107  000.019  000.019: require('mason-core.functional.relation')
030.126  000.016  000.016: require('mason-core.functional.logic')
030.132  000.226  000.106: require('mason-core.platform')
030.153  000.021  000.021: require('mason.settings')
030.155  000.324  000.021: require('mason')
030.308  000.024  000.024: require('mason-core.functional.list')
030.328  000.018  000.018: require('mason-core.functional.string')
030.337  000.098  000.056: require('mason.api.command')
030.405  000.065  000.065: require('mason-registry.sources')
030.463  000.034  000.034: require('mason-core.log')
030.479  000.015  000.015: require('mason-lspconfig.settings')
030.480  000.071  000.023: require('mason-lspconfig')
030.520  000.013  000.013: require('mason-lspconfig.notify')
030.522  000.031  000.018: require('mason-lspconfig.lspconfig_hook')
030.574  000.022  000.022: require('mason-core.functional.table')
030.600  000.077  000.056: require('mason-lspconfig.mappings.server')
030.657  000.015  000.015: require('mason-core.EventEmitter')
030.675  000.017  000.017: require('mason-core.optional')
030.715  000.022  000.022: require('mason-core.async')
030.729  000.013  000.013: require('mason-core.async.uv')
030.733  000.057  000.023: require('mason-core.fs')
030.742  000.141  000.052: require('mason-registry')
030.758  000.015  000.015: require('mason-lspconfig.server_config_extensions')
030.781  000.022  000.022: require('lspconfig.server_configurations.omnisharp')
030.829  000.019  000.019: require('mason-lspconfig.ensure_installed')
030.870  000.018  000.018: require('mason-core.result')
030.945  000.041  000.041: require('mason-core.process')
030.987  000.041  000.041: require('mason-core.spawn')
030.989  000.101  000.018: require('mason-core.managers.powershell')
031.003  000.014  000.014: require('mason.version')
031.005  000.134  000.019: require('mason-core.fetch')
031.026  000.020  000.020: require('mason-core.providers')
031.105  000.040  000.040: require('mason-core.purl')
031.110  000.070  000.029: require('mason-core.package')
031.174  000.020  000.020: require('mason-core.installer.registry.expr')
031.178  000.045  000.026: require('mason-core.installer.registry.link')
031.280  000.019  000.019: require('mason-core.receipt')
031.291  000.054  000.035: require('mason-core.installer.context')
031.309  000.017  000.017: require('mason-core.async.control')
031.328  000.018  000.018: require('mason-core.installer.linker')
031.330  000.114  000.025: require('mason-core.installer')
031.336  000.142  000.029: require('mason-core.installer.managers.std')
031.337  000.158  000.016: require('mason-core.installer.registry.schemas')
031.352  000.015  000.015: require('mason-core.installer.registry.util')
031.357  000.246  000.028: require('mason-core.installer.registry')
031.358  000.331  000.016: require('mason-registry.sources.util')
031.362  000.529  000.026: require('mason-registry.sources.github')
033.886  000.015  000.015: require('mason-core.functional.number')
033.896  000.054  000.039: require('mason-lspconfig.api.command')
034.006  000.021  000.021: require('lspconfig')
034.028  000.021  000.021: require('lspconfig.server_configurations.svelte')
034.183  000.023  000.023: require('lspconfig.manager')
034.202  000.016  000.016: require('lspconfig.server_configurations.jsonls')
034.345  000.042  000.042: require('lspconfig.server_configurations.biome')
034.497  000.025  000.025: require('lspconfig.server_configurations.eslint')
034.639  000.020  000.020: require('lspconfig.server_configurations.clangd')
034.759  000.017  000.017: require('lspconfig.server_configurations.gopls')
034.845  000.020  000.020: require('lspconfig.server_configurations.html')
034.918  000.021  000.021: require('lspconfig.server_configurations.cssls')
035.048  000.052  000.052: require('lspconfig.server_configurations.rust_analyzer')
035.401  000.031  000.031: require('lspconfig.server_configurations.tsserver')
036.314  007.332  004.840: sourcing /home/yoda/.config/nvim/after/plugin/lsp.lua
036.454  000.020  000.020: require('luasnip.session.enqueueable_operations')
036.638  000.040  000.040: require('luasnip.util.events')
036.647  000.105  000.065: require('luasnip.nodes.node')
036.727  000.079  000.079: require('luasnip.nodes.insertNode')
036.783  000.056  000.056: require('luasnip.nodes.textNode')
036.818  000.034  000.034: require('luasnip.util.mark')
036.847  000.028  000.028: require('luasnip.util.pattern_tokenizer')
036.872  000.024  000.024: require('luasnip.util.dict')
037.011  000.111  000.111: require('luasnip.util.jsregexp')
037.013  000.140  000.029: require('luasnip.nodes.util.trig_engines')
037.056  000.576  000.110: require('luasnip.nodes.snippet')
037.178  000.043  000.043: require('luasnip.util.parser.neovim_ast')
037.212  000.033  000.033: require('luasnip.util.str')
037.327  000.113  000.113: require('luasnip.util.jsregexp')
037.371  000.043  000.043: require('luasnip.util.directed_graph')
037.376  000.282  000.050: require('luasnip.util.parser.ast_utils')
037.426  000.049  000.049: require('luasnip.nodes.functionNode')
037.497  000.070  000.070: require('luasnip.nodes.choiceNode')
037.604  000.106  000.106: require('luasnip.nodes.dynamicNode')
037.633  000.029  000.029: require('luasnip.util.functions')
037.639  000.582  000.046: require('luasnip.util.parser.ast_parser')
037.724  000.085  000.085: require('luasnip.util.parser.neovim_parser')
037.728  001.273  000.030: require('luasnip.util.parser')
037.756  000.027  000.027: require('luasnip.nodes.snippetProxy')
037.871  000.113  000.113: require('luasnip.util.jsonc')
037.924  000.027  000.027: require('luasnip.nodes.duplicate')
037.925  000.052  000.025: require('luasnip.loaders.snippet_cache')
037.931  001.542  000.057: require('luasnip.loaders.from_vscode')
039.082  000.048  000.048: require('luasnip.nodes.multiSnippet')
347.318  310.977  309.387: sourcing /home/yoda/.config/nvim/after/plugin/luasnip.lua
347.503  000.138  000.138: sourcing /home/yoda/.config/nvim/after/plugin/mason.lua
347.599  000.061  000.061: require('telescope.builtin')
347.623  000.102  000.041: sourcing /home/yoda/.config/nvim/after/plugin/telescope.lua
348.495  000.030  000.030: require('nvim-treesitter.highlight')
348.546  000.899  000.869: sourcing /home/yoda/.config/nvim/after/plugin/treesitter.lua
348.603  343.699  003.649: require('core')
348.604  343.716  000.017: sourcing /home/yoda/.config/nvim/init.lua
348.607  000.496: sourcing vimrc file(s)
348.699  000.023  000.023: sourcing /usr/share/nvim/runtime/filetype.lua
348.841  000.044  000.044: sourcing /usr/share/nvim/runtime/syntax/synload.vim
348.906  000.163  000.119: sourcing /usr/share/nvim/runtime/syntax/syntax.vim
348.908  000.114: inits 3
350.433  001.525: reading ShaDa
350.534  000.058  000.058: require('luasnip.loaders.from_lua')
350.588  000.051  000.051: require('luasnip.loaders.from_snipmate')
350.634  000.092: opening buffers
354.278  003.644: BufEnter autocommands
354.283  000.004: editing files in windows
355.250  000.058  000.058: require('rose-pine.config')
355.253  000.580  000.523: require('rose-pine')
355.321  000.037  000.037: require('rose-pine.utilities')
355.383  000.062  000.062: require('rose-pine.palette')
356.149  001.525  000.845: sourcing /home/yoda/.local/share/nvim/lazy/neovim/colors/rose-pine.lua
356.267  000.038  000.038: require('transparent.config')
356.303  000.035  000.035: require('transparent.cache')
356.317  000.146  000.073: require('transparent')
356.482  000.529: executing command arguments
356.585  000.103: VimEnter autocommands
356.682  000.097: UIEnter autocommands
356.683  000.001: before starting main loop
357.349  000.665: first screen update
357.351  000.003: --- NVIM STARTED ---

